<?xml version="1.0" encoding="UTF-8"?>
<!-- Generated by org.testng.reporters.JUnitReportReporter -->
<testsuite hostname="DESKTOP-7VPVVDJ" name="LinkedInLoginTest" tests="2" failures="0" timestamp="20 Oct 2020 17:50:36 GMT" time="25.756" errors="0">
  <testcase name="emptyUserEmailFieldTest" time="15.386" classname="LinkedInLoginTest"/>
  <testcase name="linkedinLoginTest" time="10.370" classname="LinkedInLoginTest"/>
</testsuite> <!-- LinkedInLoginTest -->
