<?xml version="1.0" encoding="UTF-8"?>
<!-- Generated by org.testng.reporters.JUnitReportReporter -->
<testsuite hostname="DESKTOP-7VPVVDJ" name="LinkedInSearchPageTest" tests="1" failures="0" timestamp="20 Oct 2020 17:50:36 GMT" time="4.699" errors="0">
  <testcase name="linkedInSearchPageUse" time="4.699" classname="LinkedInSearchPageTest"/>
</testsuite> <!-- LinkedInSearchPageTest -->
